<?xml version="1.0" encoding="UTF-8"?>
<!-- Generated by org.testng.reporters.JUnitReportReporter -->
<testsuite skipped="1" hostname="Sangee_28" name="org.test.D1Sample" tests="3" failures="0" timestamp="03 Nov 2022 16:55:23 GMT" time="0.016" errors="0">
  <testcase name="test1" time="0.016" classname="org.test.D1Sample"/>
  <testcase name="test3" time="0.000" classname="org.test.D1Sample"/>
  <testcase name="test2" classname="org.test.D1Sample">
    <skipped/>
  </testcase> <!-- test2 -->
</testsuite> <!-- org.test.D1Sample -->
